<?xml version="1.0" encoding="UTF-8"?>
<!-- Generated by org.testng.reporters.JUnitXMLReporter -->
<testsuite ignored="0" hostname="hp-pc" failures="0" tests="10" name="Test" time="0.135" errors="0" timestamp="2021-05-02T23:36:57 IST">
  <testcase classname="com.actitime.testscript.ProjectModule" name="deleteProject" time="0.008"/>
  <testcase classname="com.actitime.testscript.ProjectModule" name="registerProject" time="0.002"/>
  <testcase classname="com.actitime.testscript.ProjectModule" name="editProject" time="0.002"/>
  <testcase classname="com.actitime.testscript.ProjectModule" name="editProject" time="0.001"/>
  <testcase classname="com.actitime.testscript.CustomerModule" name="createCustomer" time="0.003"/>
  <testcase classname="com.actitime.testscript.CustomerModule" name="createCustomer" time="0.006"/>
  <testcase classname="com.actitime.testscript.CustomerModule" name="createCustomer" time="0.001"/>
  <testcase classname="com.actitime.testscript.CustomerModule" name="createCustomer" time="0.002"/>
  <testcase classname="com.actitime.testscript.CustomerModule" name="modifyCustomer" time="0.001"/>
  <testcase classname="com.actitime.testscript.CustomerModule" name="deleteCustomer" time="0.004"/>
</testsuite> <!-- Test -->
