<?xml version="1.0" encoding="UTF-8"?>
<testng-results ignored="0" total="6" passed="6" failed="0" skipped="0">
  <reporter-output>
    <line>
      <![CDATA[login]]>
    </line>
    <line>
      <![CDATA[createCustomer]]>
    </line>
    <line>
      <![CDATA[logout]]>
    </line>
    <line>
      <![CDATA[login]]>
    </line>
    <line>
      <![CDATA[createCustomer]]>
    </line>
    <line>
      <![CDATA[logout]]>
    </line>
    <line>
      <![CDATA[login]]>
    </line>
    <line>
      <![CDATA[createCustomer]]>
    </line>
    <line>
      <![CDATA[logout]]>
    </line>
    <line>
      <![CDATA[login]]>
    </line>
    <line>
      <![CDATA[createCustomer]]>
    </line>
    <line>
      <![CDATA[logout]]>
    </line>
    <line>
      <![CDATA[login]]>
    </line>
    <line>
      <![CDATA[modifyCustomer]]>
    </line>
    <line>
      <![CDATA[logout]]>
    </line>
    <line>
      <![CDATA[login]]>
    </line>
    <line>
      <![CDATA[deleteCustomr]]>
    </line>
    <line>
      <![CDATA[logout]]>
    </line>
  </reporter-output>
  <suite started-at="2021-05-02T23:37:33 IST" name="Default suite" finished-at="2021-05-02T23:37:33 IST" duration-ms="142">
    <groups>
    </groups>
    <test started-at="2021-05-02T23:37:33 IST" name="Default test" finished-at="2021-05-02T23:37:33 IST" duration-ms="142">
      <class name="com.actitime.testscript.CustomerModule">
        <test-method is-config="true" signature="login()[pri:0, instance:com.actitime.testscript.CustomerModule@51f116b8]" started-at="2021-05-02T23:37:33 IST" name="login" finished-at="2021-05-02T23:37:33 IST" duration-ms="6" status="PASS">
          <reporter-output>
            <line>
              <![CDATA[login]]>
            </line>
          </reporter-output>
        </test-method> <!-- login -->
        <test-method signature="createCustomer()[pri:1, instance:com.actitime.testscript.CustomerModule@51f116b8]" started-at="2021-05-02T23:37:33 IST" name="createCustomer" finished-at="2021-05-02T23:37:33 IST" duration-ms="9" status="PASS">
          <reporter-output>
            <line>
              <![CDATA[createCustomer]]>
            </line>
          </reporter-output>
        </test-method> <!-- createCustomer -->
        <test-method is-config="true" signature="logout()[pri:0, instance:com.actitime.testscript.CustomerModule@51f116b8]" started-at="2021-05-02T23:37:33 IST" name="logout" finished-at="2021-05-02T23:37:33 IST" duration-ms="1" status="PASS">
          <reporter-output>
            <line>
              <![CDATA[logout]]>
            </line>
          </reporter-output>
        </test-method> <!-- logout -->
        <test-method is-config="true" signature="login()[pri:0, instance:com.actitime.testscript.CustomerModule@51f116b8]" started-at="2021-05-02T23:37:33 IST" name="login" finished-at="2021-05-02T23:37:33 IST" duration-ms="1" status="PASS">
          <reporter-output>
            <line>
              <![CDATA[login]]>
            </line>
          </reporter-output>
        </test-method> <!-- login -->
        <test-method signature="createCustomer()[pri:1, instance:com.actitime.testscript.CustomerModule@51f116b8]" started-at="2021-05-02T23:37:33 IST" name="createCustomer" finished-at="2021-05-02T23:37:33 IST" duration-ms="7" status="PASS">
          <reporter-output>
            <line>
              <![CDATA[createCustomer]]>
            </line>
          </reporter-output>
        </test-method> <!-- createCustomer -->
        <test-method is-config="true" signature="logout()[pri:0, instance:com.actitime.testscript.CustomerModule@51f116b8]" started-at="2021-05-02T23:37:33 IST" name="logout" finished-at="2021-05-02T23:37:33 IST" duration-ms="1" status="PASS">
          <reporter-output>
            <line>
              <![CDATA[logout]]>
            </line>
          </reporter-output>
        </test-method> <!-- logout -->
        <test-method is-config="true" signature="login()[pri:0, instance:com.actitime.testscript.CustomerModule@51f116b8]" started-at="2021-05-02T23:37:33 IST" name="login" finished-at="2021-05-02T23:37:33 IST" duration-ms="1" status="PASS">
          <reporter-output>
            <line>
              <![CDATA[login]]>
            </line>
          </reporter-output>
        </test-method> <!-- login -->
        <test-method signature="createCustomer()[pri:1, instance:com.actitime.testscript.CustomerModule@51f116b8]" started-at="2021-05-02T23:37:33 IST" name="createCustomer" finished-at="2021-05-02T23:37:33 IST" duration-ms="6" status="PASS">
          <reporter-output>
            <line>
              <![CDATA[createCustomer]]>
            </line>
          </reporter-output>
        </test-method> <!-- createCustomer -->
        <test-method is-config="true" signature="logout()[pri:0, instance:com.actitime.testscript.CustomerModule@51f116b8]" started-at="2021-05-02T23:37:33 IST" name="logout" finished-at="2021-05-02T23:37:33 IST" duration-ms="6" status="PASS">
          <reporter-output>
            <line>
              <![CDATA[logout]]>
            </line>
          </reporter-output>
        </test-method> <!-- logout -->
        <test-method is-config="true" signature="login()[pri:0, instance:com.actitime.testscript.CustomerModule@51f116b8]" started-at="2021-05-02T23:37:33 IST" name="login" finished-at="2021-05-02T23:37:33 IST" duration-ms="1" status="PASS">
          <reporter-output>
            <line>
              <![CDATA[login]]>
            </line>
          </reporter-output>
        </test-method> <!-- login -->
        <test-method signature="createCustomer()[pri:1, instance:com.actitime.testscript.CustomerModule@51f116b8]" started-at="2021-05-02T23:37:33 IST" name="createCustomer" finished-at="2021-05-02T23:37:33 IST" duration-ms="3" status="PASS">
          <reporter-output>
            <line>
              <![CDATA[createCustomer]]>
            </line>
          </reporter-output>
        </test-method> <!-- createCustomer -->
        <test-method is-config="true" signature="logout()[pri:0, instance:com.actitime.testscript.CustomerModule@51f116b8]" started-at="2021-05-02T23:37:33 IST" name="logout" finished-at="2021-05-02T23:37:33 IST" duration-ms="3" status="PASS">
          <reporter-output>
            <line>
              <![CDATA[logout]]>
            </line>
          </reporter-output>
        </test-method> <!-- logout -->
        <test-method is-config="true" signature="login()[pri:0, instance:com.actitime.testscript.CustomerModule@51f116b8]" started-at="2021-05-02T23:37:33 IST" name="login" finished-at="2021-05-02T23:37:33 IST" duration-ms="1" status="PASS">
          <reporter-output>
            <line>
              <![CDATA[login]]>
            </line>
          </reporter-output>
        </test-method> <!-- login -->
        <test-method signature="modifyCustomer()[pri:2, instance:com.actitime.testscript.CustomerModule@51f116b8]" started-at="2021-05-02T23:37:33 IST" name="modifyCustomer" finished-at="2021-05-02T23:37:33 IST" duration-ms="6" status="PASS">
          <reporter-output>
            <line>
              <![CDATA[modifyCustomer]]>
            </line>
          </reporter-output>
        </test-method> <!-- modifyCustomer -->
        <test-method is-config="true" signature="logout()[pri:0, instance:com.actitime.testscript.CustomerModule@51f116b8]" started-at="2021-05-02T23:37:33 IST" name="logout" finished-at="2021-05-02T23:37:33 IST" duration-ms="1" status="PASS">
          <reporter-output>
            <line>
              <![CDATA[logout]]>
            </line>
          </reporter-output>
        </test-method> <!-- logout -->
        <test-method is-config="true" signature="login()[pri:0, instance:com.actitime.testscript.CustomerModule@51f116b8]" started-at="2021-05-02T23:37:33 IST" name="login" finished-at="2021-05-02T23:37:33 IST" duration-ms="1" status="PASS">
          <reporter-output>
            <line>
              <![CDATA[login]]>
            </line>
          </reporter-output>
        </test-method> <!-- login -->
        <test-method signature="deleteCustomer()[pri:3, instance:com.actitime.testscript.CustomerModule@51f116b8]" started-at="2021-05-02T23:37:33 IST" name="deleteCustomer" finished-at="2021-05-02T23:37:33 IST" depends-on-methods="com.actitime.testscript.CustomerModule.createCustomer" duration-ms="7" status="PASS">
          <reporter-output>
            <line>
              <![CDATA[deleteCustomr]]>
            </line>
          </reporter-output>
        </test-method> <!-- deleteCustomer -->
        <test-method is-config="true" signature="logout()[pri:0, instance:com.actitime.testscript.CustomerModule@51f116b8]" started-at="2021-05-02T23:37:33 IST" name="logout" finished-at="2021-05-02T23:37:33 IST" duration-ms="0" status="PASS">
          <reporter-output>
            <line>
              <![CDATA[logout]]>
            </line>
          </reporter-output>
        </test-method> <!-- logout -->
      </class> <!-- com.actitime.testscript.CustomerModule -->
    </test> <!-- Default test -->
  </suite> <!-- Default suite -->
</testng-results>
