<?xml version="1.0" encoding="UTF-8"?>
<!-- Generated by org.testng.reporters.JUnitXMLReporter -->
<testsuite ignored="0" hostname="hp-pc" failures="0" tests="6" name="Default test" time="0.142" errors="0" timestamp="2021-05-02T23:37:33 IST">
  <testcase classname="com.actitime.testscript.CustomerModule" name="createCustomer" time="0.009"/>
  <testcase classname="com.actitime.testscript.CustomerModule" name="createCustomer" time="0.007"/>
  <testcase classname="com.actitime.testscript.CustomerModule" name="createCustomer" time="0.006"/>
  <testcase classname="com.actitime.testscript.CustomerModule" name="createCustomer" time="0.003"/>
  <testcase classname="com.actitime.testscript.CustomerModule" name="modifyCustomer" time="0.006"/>
  <testcase classname="com.actitime.testscript.CustomerModule" name="deleteCustomer" time="0.007"/>
</testsuite> <!-- Default test -->
